<?xml version="1.0" encoding="UTF-8"?>
<!-- Generated by org.testng.reporters.JUnitReportReporter -->
<testsuite hostname="Admin-PC" name="JenkinsTest.OpenFBLoginPage" tests="1" failures="0" timestamp="18 Sep 2017 04:46:57 GMT" time="57.174" errors="0">
  <testcase name="f" time="57.174" classname="JenkinsTest.OpenFBLoginPage"/>
</testsuite> <!-- JenkinsTest.OpenFBLoginPage -->
