<?xml version="1.0" encoding="UTF-8"?>
<!-- Generated by org.testng.reporters.JUnitReportReporter -->
<testsuite hostname="Admin-PC" name="JenkinsTest.JenTest" tests="1" failures="0" timestamp="10 Sep 2017 17:08:15 GMT" time="0.010" errors="0">
  <testcase name="f" time="0.010" classname="JenkinsTest.JenTest"/>
</testsuite> <!-- JenkinsTest.JenTest -->
