<?xml version="1.0" encoding="UTF-8"?>
<!-- Generated by org.testng.reporters.JUnitReportReporter -->
<testsuite hostname="Admin-PC" name="fblogin.FBLoginTest" tests="1" failures="0" timestamp="14 Sep 2017 17:21:48 GMT" time="97.923" errors="0">
  <testcase name="f" time="97.923" classname="fblogin.FBLoginTest"/>
</testsuite> <!-- fblogin.FBLoginTest -->
