<?xml version="1.0" encoding="UTF-8"?>
<!-- Generated by org.testng.reporters.JUnitReportReporter -->
<testsuite hostname="Admin-PC" name="JenkinsTest.OpenFBLoginPage" tests="1" failures="0" timestamp="20 Sep 2017 02:17:48 GMT" time="33.480" errors="0">
  <testcase name="f" time="33.480" classname="JenkinsTest.OpenFBLoginPage"/>
</testsuite> <!-- JenkinsTest.OpenFBLoginPage -->
